MPASM  5.51                       DENEY-2.ASM   10-30-2018  9:50:22         PAGE  1


LOC  OBJECT CODE     LINE SOURCE TEXT
  VALUE

                      00001 
                      00002         LIST P=16F877A
                      00003         #INCLUDE <P16F877A.INC>
                      00001         LIST
                      00002 
                      00003 ;==========================================================================
                      00004 ;  MPASM PIC16F877A processor include
                      00005 ; 
                      00006 ;  (c) Copyright 1999-2013 Microchip Technology, All rights reserved
                      00007 ;==========================================================================
                      00008 
                      00566         LIST
2007   3F31           00004         __CONFIG H'3F31'
Warning[207]: Found label after column 1. (SAYICI)
  00000020            00005         SAYICI EQU 0X20
Warning[207]: Found label after column 1. (SAYICI_YEDEK)
  00000021            00006         SAYICI_YEDEK EQU 0X21
Warning[207]: Found label after column 1. (TMR1H_YEDEK)
  00000022            00007         TMR1H_YEDEK EQU 0X22
Warning[207]: Found label after column 1. (TMR1L_YEDEK)
  00000023            00008         TMR1L_YEDEK EQU 0X23
0000                  00009         ORG 0X000
0000   2812           00010         GOTO ANA_METOT
0004                  00011         ORG 0X004
                      00012 
0004                  00013 KESME_METOT
0004   1C0C           00014         BTFSS PIR1,TMR1IF
0005   0009           00015         RETFIE
0006   100C           00016         BCF PIR1,TMR1IF
                      00017 
0007   0822           00018         MOVF TMR1H_YEDEK,W
0008   008F           00019         MOVWF TMR1H
0009   0823           00020         MOVF TMR1L_YEDEK,W
000A   008E           00021         MOVWF TMR1L
                      00022 
000B   0BA0           00023         DECFSZ SAYICI,F
000C   0009           00024         RETFIE
                      00025 
000D   0A86           00026         INCF PORTB,F
                      00027 
000E   3014           00028         MOVLW D'20'
000F   00A0           00029         MOVWF SAYICI
0010   00A1           00030         MOVWF SAYICI_YEDEK
                      00031 
0011   0009           00032         RETFIE
                      00033 
0012                  00034 ANA_METOT
0012   1683 1303      00035         BANKSEL TRISA
0014   3006           00036         MOVLW 0X06
Message[302]: Register in operand not in bank 0.  Ensure that bank bits are correct.
0015   009F           00037         MOVWF ADCON1
0016   3003           00038         MOVLW B'00000011'
Message[302]: Register in operand not in bank 0.  Ensure that bank bits are correct.
MPASM  5.51                       DENEY-2.ASM   10-30-2018  9:50:22         PAGE  2


LOC  OBJECT CODE     LINE SOURCE TEXT
  VALUE

0017   0085           00039         MOVWF TRISA
Message[302]: Register in operand not in bank 0.  Ensure that bank bits are correct.
0018   0186           00040         CLRF TRISB
0019   1283 1303      00041         BANKSEL PORTA
001B   3003           00042         MOVLW B'00000011'
001C   0085           00043         MOVWF PORTA
001D   0186           00044         CLRF PORTB
                      00045 
001E   1283 1303      00046         BANKSEL INTCON
0020   30C0           00047         MOVLW B'11000000'
0021   008B           00048         MOVWF INTCON
0022   1283 1303      00049         BANKSEL INTCON
                      00050 
0024   1683 1303      00051         BANKSEL PIE1
Message[302]: Register in operand not in bank 0.  Ensure that bank bits are correct.
0026   140C           00052         BSF PIE1,TMR1IE
0027   1683 1303      00053         BANKSEL PIE1
                      00054 
0029   1283 1303      00055         BANKSEL PIR1
002B   100C           00056         BCF PIR1,TMR1IF
002C   1283 1303      00057         BANKSEL PIR1
                      00058 
002E   1283 1303      00059         BANKSEL T1CON
0030   3011           00060         MOVLW B'00010001'
0031   0090           00061         MOVWF T1CON
0032   1283 1303      00062         BANKSEL T1CON
                      00063 
0034   1283 1303      00064         BANKSEL TMR1H
0036   309E           00065         MOVLW 0X9E
0037   00A2           00066         MOVWF TMR1H_YEDEK
0038   008F           00067         MOVWF TMR1H
0039   3058           00068         MOVLW 0X58
003A   00A3           00069         MOVWF TMR1L_YEDEK
003B   008E           00070         MOVWF TMR1L
003C   01A0           00071         CLRF SAYICI
003D   3014           00072         MOVLW D'20'
003E   00A1           00073         MOVWF SAYICI_YEDEK
003F   00A0           00074         MOVWF SAYICI
0040   1283 1303      00075         BANKSEL TMR1H
                      00076 
0042                  00077 KONTROL
0042   1805           00078         BTFSC PORTA,0
0043   2855           00079         GOTO DEGER_ARTIR
0044   1885           00080         BTFSC PORTA,1
0045   2861           00081         GOTO DEGER_AZALT
0046   2842           00082         GOTO KONTROL
                      00083 
0047                  00084 UST_SINIR
0047   300F           00085         MOVLW D'15'
0048   00A1           00086         MOVWF SAYICI_YEDEK
0049   3084           00087         MOVLW 0X84
004A   00A3           00088         MOVWF TMR1L_YEDEK
004B   306D           00089         MOVLW 0X6D
MPASM  5.51                       DENEY-2.ASM   10-30-2018  9:50:22         PAGE  3


LOC  OBJECT CODE     LINE SOURCE TEXT
  VALUE

004C   00A2           00090         MOVWF TMR1H_YEDEK
004D   0008           00091         RETURN
                      00092 
004E                  00093 ALT_SINIR
004E   3006           00094         MOVLW D'6'
004F   00A1           00095         MOVWF SAYICI_YEDEK
0050   302C           00096         MOVLW 0X2C
0051   00A3           00097         MOVWF TMR1L_YEDEK
0052   30CF           00098         MOVLW 0XCF
0053   00A2           00099         MOVWF TMR1H_YEDEK
0054   0008           00100         RETURN
                      00101 
0055                  00102 DEGER_ARTIR
0055   0AA1           00103         INCF SAYICI_YEDEK,F
0056   0823           00104         MOVF TMR1L_YEDEK,W 
0057   3CC4           00105         SUBLW 0XC4
0058   00A3           00106         MOVWF TMR1L_YEDEK 
0059   0822           00107         MOVF TMR1H_YEDEK,W 
005A   3C09           00108         SUBLW 0X09
005B   00A2           00109         MOVWF TMR1H_YEDEK
005C   300F           00110         MOVLW D'15'
005D   0221           00111         SUBWF SAYICI_YEDEK,W
005E   1D03           00112         BTFSS STATUS,Z
005F   2842           00113         GOTO KONTROL
0060   2047           00114         CALL UST_SINIR
                      00115 
0061                  00116 DEGER_AZALT
0061   03A1           00117         DECF SAYICI_YEDEK,F
0062   0823           00118         MOVF TMR1L_YEDEK,W
0063   3EC4           00119         ADDLW 0XC4
0064   00A3           00120         MOVWF TMR1L_YEDEK
0065   0822           00121         MOVF TMR1H_YEDEK,W
0066   3E09           00122         ADDLW 0X09
0067   00A2           00123         MOVWF TMR1H_YEDEK
0068   3005           00124         MOVLW D'5'
0069   0221           00125         SUBWF SAYICI_YEDEK,W
006A   1D03           00126         BTFSS STATUS,Z
006B   2842           00127         GOTO KONTROL
006C   204E           00128         CALL ALT_SINIR
                      00129 
006D                  00130 KONTROL_METOT
006D   286D           00131         GOTO KONTROL_METOT
                      00132 
Warning[205]: Found directive in column 1. (END)
                      00133 END
MPASM  5.51                       DENEY-2.ASM   10-30-2018  9:50:22         PAGE  4


SYMBOL TABLE
  LABEL                             VALUE 

ACKDT                             00000005
ACKEN                             00000004
ACKSTAT                           00000006
ADCON0                            0000001F
ADCON1                            0000009F
ADCS0                             00000006
ADCS1                             00000007
ADCS2                             00000006
ADDEN                             00000003
ADFM                              00000007
ADIE                              00000006
ADIF                              00000006
ADON                              00000000
ADRESH                            0000001E
ADRESL                            0000009E
ALT_SINIR                         0000004E
ANA_METOT                         00000012
BCLIE                             00000003
BCLIF                             00000003
BF                                00000000
BRGH                              00000002
C                                 00000000
C1INV                             00000004
C1OUT                             00000006
C2INV                             00000005
C2OUT                             00000007
CCP1CON                           00000017
CCP1IE                            00000002
CCP1IF                            00000002
CCP1M0                            00000000
CCP1M1                            00000001
CCP1M2                            00000002
CCP1M3                            00000003
CCP1X                             00000005
CCP1Y                             00000004
CCP2CON                           0000001D
CCP2IE                            00000000
CCP2IF                            00000000
CCP2M0                            00000000
CCP2M1                            00000001
CCP2M2                            00000002
CCP2M3                            00000003
CCP2X                             00000005
CCP2Y                             00000004
CCPR1                             00000015
CCPR1H                            00000016
CCPR1L                            00000015
CCPR2                             0000001B
CCPR2H                            0000001C
CCPR2L                            0000001B
CHS0                              00000003
CHS1                              00000004
CHS2                              00000005
MPASM  5.51                       DENEY-2.ASM   10-30-2018  9:50:22         PAGE  5


SYMBOL TABLE
  LABEL                             VALUE 

CIS                               00000003
CKE                               00000006
CKP                               00000004
CM0                               00000000
CM1                               00000001
CM2                               00000002
CMCON                             0000009C
CMIE                              00000006
CMIF                              00000006
CREN                              00000004
CSRC                              00000007
CVR0                              00000000
CVR1                              00000001
CVR2                              00000002
CVR3                              00000003
CVRCON                            0000009D
CVREN                             00000007
CVROE                             00000006
CVRR                              00000005
D                                 00000005
DATA_ADDRESS                      00000005
DC                                00000001
DEGER_ARTIR                       00000055
DEGER_AZALT                       00000061
D_A                               00000005
D_NOT_A                           00000005
EEADR                             0000010D
EEADRH                            0000010F
EECON1                            0000018C
EECON2                            0000018D
EEDATA                            0000010C
EEDATH                            0000010E
EEIE                              00000004
EEIF                              00000004
EEPGD                             00000007
F                                 00000001
FERR                              00000002
FSR                               00000004
GCEN                              00000007
GIE                               00000007
GO                                00000002
GO_DONE                           00000002
GO_NOT_DONE                       00000002
I2C_DATA                          00000005
I2C_READ                          00000002
I2C_START                         00000003
I2C_STOP                          00000004
IBF                               00000007
IBOV                              00000005
INDF                              00000000
INTCON                            0000000B
INTE                              00000004
INTEDG                            00000006
MPASM  5.51                       DENEY-2.ASM   10-30-2018  9:50:22         PAGE  6


SYMBOL TABLE
  LABEL                             VALUE 

INTF                              00000001
IRP                               00000007
KESME_METOT                       00000004
KONTROL                           00000042
KONTROL_METOT                     0000006D
NOT_A                             00000005
NOT_ADDRESS                       00000005
NOT_BO                            00000000
NOT_BOR                           00000000
NOT_DONE                          00000002
NOT_PD                            00000003
NOT_POR                           00000001
NOT_RBPU                          00000007
NOT_RC8                           00000006
NOT_T1SYNC                        00000002
NOT_TO                            00000004
NOT_TX8                           00000006
NOT_W                             00000002
NOT_WRITE                         00000002
OBF                               00000006
OERR                              00000001
OPTION_REG                        00000081
P                                 00000004
PCFG0                             00000000
PCFG1                             00000001
PCFG2                             00000002
PCFG3                             00000003
PCL                               00000002
PCLATH                            0000000A
PCON                              0000008E
PEIE                              00000006
PEN                               00000002
PIE1                              0000008C
PIE2                              0000008D
PIR1                              0000000C
PIR2                              0000000D
PORTA                             00000005
PORTB                             00000006
PORTC                             00000007
PORTD                             00000008
PORTE                             00000009
PR2                               00000092
PS0                               00000000
PS1                               00000001
PS2                               00000002
PSA                               00000003
PSPIE                             00000007
PSPIF                             00000007
PSPMODE                           00000004
R                                 00000002
RA0                               00000000
RA1                               00000001
RA2                               00000002
MPASM  5.51                       DENEY-2.ASM   10-30-2018  9:50:22         PAGE  7


SYMBOL TABLE
  LABEL                             VALUE 

RA3                               00000003
RA4                               00000004
RA5                               00000005
RB0                               00000000
RB1                               00000001
RB2                               00000002
RB3                               00000003
RB4                               00000004
RB5                               00000005
RB6                               00000006
RB7                               00000007
RBIE                              00000003
RBIF                              00000000
RC0                               00000000
RC1                               00000001
RC2                               00000002
RC3                               00000003
RC4                               00000004
RC5                               00000005
RC6                               00000006
RC7                               00000007
RC8_9                             00000006
RC9                               00000006
RCD8                              00000000
RCEN                              00000003
RCIE                              00000005
RCIF                              00000005
RCREG                             0000001A
RCSTA                             00000018
RD                                00000000
RD0                               00000000
RD1                               00000001
RD2                               00000002
RD3                               00000003
RD4                               00000004
RD5                               00000005
RD6                               00000006
RD7                               00000007
RE0                               00000000
RE1                               00000001
RE2                               00000002
READ_WRITE                        00000002
RP0                               00000005
RP1                               00000006
RSEN                              00000001
RX9                               00000006
RX9D                              00000000
R_NOT_W                           00000002
R_W                               00000002
S                                 00000003
SAYICI                            00000020
SAYICI_YEDEK                      00000021
SEN                               00000000
MPASM  5.51                       DENEY-2.ASM   10-30-2018  9:50:22         PAGE  8


SYMBOL TABLE
  LABEL                             VALUE 

SMP                               00000007
SPBRG                             00000099
SPEN                              00000007
SREN                              00000005
SSPADD                            00000093
SSPBUF                            00000013
SSPCON                            00000014
SSPCON2                           00000091
SSPEN                             00000005
SSPIE                             00000003
SSPIF                             00000003
SSPM0                             00000000
SSPM1                             00000001
SSPM2                             00000002
SSPM3                             00000003
SSPOV                             00000006
SSPSTAT                           00000094
STATUS                            00000003
SYNC                              00000004
T0CS                              00000005
T0IE                              00000005
T0IF                              00000002
T0SE                              00000004
T1CKPS0                           00000004
T1CKPS1                           00000005
T1CON                             00000010
T1INSYNC                          00000002
T1OSCEN                           00000003
T1SYNC                            00000002
T2CKPS0                           00000000
T2CKPS1                           00000001
T2CON                             00000012
TMR0                              00000001
TMR0IE                            00000005
TMR0IF                            00000002
TMR1                              0000000E
TMR1CS                            00000001
TMR1H                             0000000F
TMR1H_YEDEK                       00000022
TMR1IE                            00000000
TMR1IF                            00000000
TMR1L                             0000000E
TMR1L_YEDEK                       00000023
TMR1ON                            00000000
TMR2                              00000011
TMR2IE                            00000001
TMR2IF                            00000001
TMR2ON                            00000002
TOUTPS0                           00000003
TOUTPS1                           00000004
TOUTPS2                           00000005
TOUTPS3                           00000006
TRISA                             00000085
MPASM  5.51                       DENEY-2.ASM   10-30-2018  9:50:22         PAGE  9


SYMBOL TABLE
  LABEL                             VALUE 

TRISA0                            00000000
TRISA1                            00000001
TRISA2                            00000002
TRISA3                            00000003
TRISA4                            00000004
TRISA5                            00000005
TRISB                             00000086
TRISB0                            00000000
TRISB1                            00000001
TRISB2                            00000002
TRISB3                            00000003
TRISB4                            00000004
TRISB5                            00000005
TRISB6                            00000006
TRISB7                            00000007
TRISC                             00000087
TRISC0                            00000000
TRISC1                            00000001
TRISC2                            00000002
TRISC3                            00000003
TRISC4                            00000004
TRISC5                            00000005
TRISC6                            00000006
TRISC7                            00000007
TRISD                             00000088
TRISD0                            00000000
TRISD1                            00000001
TRISD2                            00000002
TRISD3                            00000003
TRISD4                            00000004
TRISD5                            00000005
TRISD6                            00000006
TRISD7                            00000007
TRISE                             00000089
TRISE0                            00000000
TRISE1                            00000001
TRISE2                            00000002
TRMT                              00000001
TX8_9                             00000006
TX9                               00000006
TX9D                              00000000
TXD8                              00000000
TXEN                              00000005
TXIE                              00000004
TXIF                              00000004
TXREG                             00000019
TXSTA                             00000098
UA                                00000001
UST_SINIR                         00000047
W                                 00000000
WCOL                              00000007
WR                                00000001
WREN                              00000002
MPASM  5.51                       DENEY-2.ASM   10-30-2018  9:50:22         PAGE 10


SYMBOL TABLE
  LABEL                             VALUE 

WRERR                             00000003
Z                                 00000002
_BODEN_OFF                        00003FBF
_BODEN_ON                         00003FFF
_BOREN_OFF                        00003FBF
_BOREN_ON                         00003FFF
_CONFIG                           00002007
_CPD_OFF                          00003FFF
_CPD_ON                           00003EFF
_CP_ALL                           00001FFF
_CP_OFF                           00003FFF
_CP_ON                            00001FFF
_DEBUG_OFF                        00003FFF
_DEBUG_ON                         000037FF
_DEVID1                           00002006
_FOSC_EXTRC                       00003FFF
_FOSC_HS                          00003FFE
_FOSC_LP                          00003FFC
_FOSC_XT                          00003FFD
_HS_OSC                           00003FFE
_IDLOC0                           00002000
_IDLOC1                           00002001
_IDLOC2                           00002002
_IDLOC3                           00002003
_LP_OSC                           00003FFC
_LVP_OFF                          00003F7F
_LVP_ON                           00003FFF
_PWRTE_OFF                        00003FFF
_PWRTE_ON                         00003FF7
_RC_OSC                           00003FFF
_WDTE_OFF                         00003FFB
_WDTE_ON                          00003FFF
_WDT_OFF                          00003FFB
_WDT_ON                           00003FFF
_WRT_1FOURTH                      00003BFF
_WRT_256                          00003DFF
_WRT_HALF                         000039FF
_WRT_OFF                          00003FFF
_XT_OSC                           00003FFD
__16F877A                         00000001
__DEBUG                           1
MPASM  5.51                       DENEY-2.ASM   10-30-2018  9:50:22         PAGE 11


MEMORY USAGE MAP ('X' = Used,  '-' = Unused)


0000 : X---XXXXXXXXXXXX XXXXXXXXXXXXXXXX XXXXXXXXXXXXXXXX XXXXXXXXXXXXXXXX
0040 : XXXXXXXXXXXXXXXX XXXXXXXXXXXXXXXX XXXXXXXXXXXXXX-- ----------------
2000 : -------X-------- ---------------- ---------------- ----------------

All other memory blocks unused.

Program Memory Words Used:   107
Program Memory Words Free:  8085


Errors   :     0
Warnings :     5 reported,     0 suppressed
Messages :     4 reported,     0 suppressed

